<?xml version="1.0" encoding="UTF-8"?>
<testsuite xmlns:xsi="http://www.w3.org/2001/XMLSchema-instance" xsi:noNamespaceSchemaLocation="https://maven.apache.org/surefire/maven-surefire-plugin/xsd/surefire-test-report-3.0.xsd" version="3.0" name="unipi.iot.AppTest" time="0.135" tests="1" errors="0" skipped="0" failures="0">
  <properties>
    <property name="java.specification.version" value="17"/>
    <property name="sun.jnu.encoding" value="UTF-8"/>
    <property name="java.class.path" value="/home/user/contiki-ng/ioT_project/coordinator/target/test-classes:/home/user/contiki-ng/ioT_project/coordinator/target/classes:/home/user/.m2/repository/junit/junit/4.11/junit-4.11.jar:/home/user/.m2/repository/org/hamcrest/hamcrest-core/1.3/hamcrest-core-1.3.jar:/home/user/.m2/repository/org/eclipse/californium/californium-core/1.1.0-SNAPSHOT/californium-core-1.1.0-SNAPSHOT.jar:/home/user/.m2/repository/org/eclipse/californium/element-connector/1.1.0-SNAPSHOT/element-connector-1.1.0-SNAPSHOT.jar:/home/user/.m2/repository/io/netty/netty-all/4.1.25.Final/netty-all-4.1.25.Final.jar:/home/user/.m2/repository/com/google/code/gson/gson/2.10.1/gson-2.10.1.jar:/home/user/.m2/repository/mysql/mysql-connector-java/8.0.17/mysql-connector-java-8.0.17.jar:/home/user/.m2/repository/com/google/protobuf/protobuf-java/3.6.1/protobuf-java-3.6.1.jar:/home/user/.m2/repository/org/eclipse/paho/org.eclipse.paho.client.mqttv3/1.2.0/org.eclipse.paho.client.mqttv3-1.2.0.jar:"/>
    <property name="java.vm.vendor" value="GraalVM Community"/>
    <property name="sun.arch.data.model" value="64"/>
    <property name="java.vendor.url" value="https://www.graalvm.org/"/>
    <property name="os.name" value="Linux"/>
    <property name="java.vm.specification.version" value="17"/>
    <property name="sun.java.launcher" value="SUN_STANDARD"/>
    <property name="sun.boot.library.path" value="/usr/lib/jvm/graalvm-ce-java17/lib"/>
    <property name="sun.java.command" value="/home/user/contiki-ng/ioT_project/coordinator/target/surefire/surefirebooter-20230712185853596_3.jar /home/user/contiki-ng/ioT_project/coordinator/target/surefire 2023-07-12T18-58-53_454-jvmRun1 surefire-20230712185853596_1tmp surefire_0-20230712185853596_2tmp"/>
    <property name="jdk.debug" value="release"/>
    <property name="surefire.test.class.path" value="/home/user/contiki-ng/ioT_project/coordinator/target/test-classes:/home/user/contiki-ng/ioT_project/coordinator/target/classes:/home/user/.m2/repository/junit/junit/4.11/junit-4.11.jar:/home/user/.m2/repository/org/hamcrest/hamcrest-core/1.3/hamcrest-core-1.3.jar:/home/user/.m2/repository/org/eclipse/californium/californium-core/1.1.0-SNAPSHOT/californium-core-1.1.0-SNAPSHOT.jar:/home/user/.m2/repository/org/eclipse/californium/element-connector/1.1.0-SNAPSHOT/element-connector-1.1.0-SNAPSHOT.jar:/home/user/.m2/repository/io/netty/netty-all/4.1.25.Final/netty-all-4.1.25.Final.jar:/home/user/.m2/repository/com/google/code/gson/gson/2.10.1/gson-2.10.1.jar:/home/user/.m2/repository/mysql/mysql-connector-java/8.0.17/mysql-connector-java-8.0.17.jar:/home/user/.m2/repository/com/google/protobuf/protobuf-java/3.6.1/protobuf-java-3.6.1.jar:/home/user/.m2/repository/org/eclipse/paho/org.eclipse.paho.client.mqttv3/1.2.0/org.eclipse.paho.client.mqttv3-1.2.0.jar:"/>
    <property name="sun.cpu.endian" value="little"/>
    <property name="user.home" value="/home/user"/>
    <property name="user.language" value="en"/>
    <property name="java.specification.vendor" value="Oracle Corporation"/>
    <property name="java.version.date" value="2022-07-19"/>
    <property name="java.home" value="/usr/lib/jvm/graalvm-ce-java17"/>
    <property name="file.separator" value="/"/>
    <property name="basedir" value="/home/user/contiki-ng/ioT_project/coordinator"/>
    <property name="java.vm.compressedOopsMode" value="32-bit"/>
    <property name="jdk.internal.vm.ci.enabled" value="true"/>
    <property name="line.separator" value="&#10;"/>
    <property name="java.specification.name" value="Java Platform API Specification"/>
    <property name="java.vm.specification.vendor" value="Oracle Corporation"/>
    <property name="surefire.real.class.path" value="/home/user/contiki-ng/ioT_project/coordinator/target/surefire/surefirebooter-20230712185853596_3.jar"/>
    <property name="sun.management.compiler" value="HotSpot 64-Bit Tiered Compilers"/>
    <property name="java.runtime.version" value="17.0.4+8-jvmci-22.2-b06"/>
    <property name="user.name" value="user"/>
    <property name="path.separator" value=":"/>
    <property name="os.version" value="5.15.0-76-generic"/>
    <property name="java.runtime.name" value="OpenJDK Runtime Environment"/>
    <property name="file.encoding" value="UTF-8"/>
    <property name="java.vm.name" value="OpenJDK 64-Bit Server VM"/>
    <property name="java.vendor.version" value="GraalVM CE 22.2.0"/>
    <property name="localRepository" value="/home/user/.m2/repository"/>
    <property name="java.vendor.url.bug" value="https://github.com/oracle/graal/issues"/>
    <property name="java.io.tmpdir" value="/tmp"/>
    <property name="java.version" value="17.0.4"/>
    <property name="user.dir" value="/home/user/contiki-ng/ioT_project/coordinator"/>
    <property name="os.arch" value="amd64"/>
    <property name="java.vm.specification.name" value="Java Virtual Machine Specification"/>
    <property name="native.encoding" value="UTF-8"/>
    <property name="java.library.path" value="/usr/java/packages/lib:/usr/lib64:/lib64:/lib:/usr/lib"/>
    <property name="java.vm.info" value="mixed mode, sharing"/>
    <property name="java.vendor" value="GraalVM Community"/>
    <property name="java.vm.version" value="17.0.4+8-jvmci-22.2-b06"/>
    <property name="sun.io.unicode.encoding" value="UnicodeLittle"/>
    <property name="java.class.version" value="61.0"/>
  </properties>
  <testcase name="shouldAnswerWithTrue" classname="unipi.iot.AppTest" time="0.001"/>
</testsuite>